[Info  - 4:10:59 PM] Initialising intelephense 1.5.4
[Info  - 4:10:59 PM] Initialised in 14 ms
[Info  - 4:10:59 PM] Indexing started.
[Info  - 4:11:16 PM] Indexing ended. 4071 files indexed in 16s.
[Info  - 4:11:16 PM] Writing state to /home/simplon/Documents/cours/symfony/testApiM/~/.vscode-root/User/workspaceStorage/51382303aa1840193a4ffd993890f347/bmewburn.vscode-intelephense-client/10f4fb20.
[Info  - 4:11:17 PM] Wrote state in 1.1s.
[Info  - 4:13:08 PM] Indexing started.
[Info  - 4:13:09 PM] Indexing ended. 1 files indexed in 0s.
[Info  - 4:14:38 PM] Indexing started.
[Info  - 4:14:38 PM] Indexing ended. 1 files indexed in 0s.
[Info  - 4:16:53 PM] Indexing started.
[Info  - 4:16:53 PM] Indexing ended. 1 files indexed in 0s.
[Info  - 4:18:09 PM] Indexing started.
[Info  - 4:18:09 PM] Indexing ended. 1 files indexed in 0s.
[Info  - 4:18:24 PM] Indexing started.
[Info  - 4:18:25 PM] Indexing ended. 1 files indexed in 0s.
[Info  - 4:19:04 PM] Indexing started.
[Info  - 4:19:04 PM] Indexing ended. 1 files indexed in 0s.
[Info  - 4:19:59 PM] Indexing started.
[Info  - 4:20:00 PM] Indexing ended. 1 files indexed in 0s.
[Info  - 4:20:06 PM] Indexing started.
[Info  - 4:20:06 PM] Indexing ended. 1 files indexed in 0s.
[Info  - 4:30:00 PM] Indexing started.
[Info  - 4:30:00 PM] Indexing ended. 1 files indexed in 0s.
[Info  - 4:30:05 PM] Indexing started.
[Info  - 4:30:05 PM] Indexing ended. 1 files indexed in 0s.
[Info  - 4:30:18 PM] Indexing started.
[Info  - 4:30:19 PM] Indexing ended. 1 files indexed in 0s.
[Info  - 4:30:27 PM] Indexing started.
[Info  - 4:30:27 PM] Indexing ended. 1 files indexed in 0s.
[Info  - 4:30:33 PM] Indexing started.
[Info  - 4:30:33 PM] Indexing ended. 1 files indexed in 0s.
[Info  - 4:35:15 PM] Indexing started.
[Info  - 4:35:15 PM] Indexing ended. 1 files indexed in 0s.
[Info  - 4:35:32 PM] Indexing started.
[Info  - 4:35:33 PM] Indexing ended. 1 files indexed in 0s.
[Info  - 4:35:37 PM] Indexing started.
[Info  - 4:35:37 PM] Indexing ended. 1 files indexed in 0s.
[Info  - 4:35:56 PM] Indexing started.
[Info  - 4:35:56 PM] Indexing ended. 1 files indexed in 0s.
[Info  - 4:37:01 PM] Indexing started.
[Info  - 4:37:01 PM] Indexing ended. 1 files indexed in 0s.
[Info  - 4:37:05 PM] Indexing started.
[Info  - 4:37:05 PM] Indexing ended. 1 files indexed in 0s.
[Info  - 4:37:26 PM] Indexing started.
[Info  - 4:37:26 PM] Indexing ended. 1 files indexed in 0s.
[Info  - 4:37:56 PM] Indexing started.
[Info  - 4:37:56 PM] Indexing ended. 1 files indexed in 0s.
[Info  - 4:38:49 PM] Indexing started.
[Info  - 4:38:49 PM] Indexing ended. 1 files indexed in 0s.
[Info  - 4:39:08 PM] Indexing started.
[Info  - 4:39:08 PM] Indexing ended. 1 files indexed in 0s.
[Info  - 4:39:17 PM] Indexing started.
[Info  - 4:39:17 PM] Indexing ended. 1 files indexed in 0s.
[Info  - 4:39:25 PM] Indexing started.
[Info  - 4:39:25 PM] Indexing ended. 1 files indexed in 0s.
[Info  - 4:40:13 PM] Indexing started.
[Info  - 4:40:13 PM] Indexing ended. 1 files indexed in 0s.
[Info  - 4:41:47 PM] Indexing started.
[Info  - 4:41:47 PM] Indexing ended. 1 files indexed in 0s.
[Info  - 4:42:05 PM] Indexing started.
[Info  - 4:42:05 PM] Indexing ended. 1 files indexed in 0s.
[Info  - 4:45:12 PM] Indexing started.
[Warn  - 4:45:13 PM] Error: ENOENT: no such file or directory, open '/home/simplon/Documents/cours/symfony/testApiM/vendor/composer/275ffb07/symfony-stopwatch-0f7c58c/Section.php'
[Warn  - 4:45:13 PM] Error: ENOENT: no such file or directory, open '/home/simplon/Documents/cours/symfony/testApiM/vendor/composer/275ffb07/symfony-stopwatch-0f7c58c/Stopwatch.php'
[Warn  - 4:45:13 PM] Error: ENOENT: no such file or directory, open '/home/simplon/Documents/cours/symfony/testApiM/vendor/composer/275ffb07/symfony-stopwatch-0f7c58c/StopwatchEvent.php'
[Warn  - 4:45:13 PM] Error: ENOENT: no such file or directory, open '/home/simplon/Documents/cours/symfony/testApiM/vendor/composer/275ffb07/symfony-stopwatch-0f7c58c/StopwatchPeriod.php'
[Info  - 4:45:13 PM] Indexing ended. 8 files indexed in 0s.
[Info  - 4:45:13 PM] Indexing started.
[Info  - 4:45:15 PM] Indexing ended. 417 files indexed in 2s.
[Info  - 4:45:23 PM] Indexing started.
[Info  - 4:45:24 PM] Indexing ended. 7 files indexed in 0s.
[Info  - 4:45:28 PM] Indexing started.
[Info  - 4:45:29 PM] Indexing ended. 77 files indexed in 0s.
[Info  - 6:05:53 PM] Indexing started.
[Info  - 6:05:53 PM] Indexing ended. 1 files indexed in 0s.
[Info  - 6:05:59 PM] Indexing started.
[Info  - 6:06:00 PM] Indexing ended. 1 files indexed in 0s.
[Info  - 6:06:07 PM] Indexing started.
[Info  - 6:06:07 PM] Indexing ended. 1 files indexed in 0s.
[Info  - 6:06:10 PM] Indexing started.
[Info  - 6:06:10 PM] Indexing ended. 1 files indexed in 0s.
[Info  - 6:06:17 PM] Indexing started.
[Info  - 6:06:17 PM] Indexing ended. 1 files indexed in 0s.
[Info  - 6:06:20 PM] Indexing started.
[Info  - 6:06:20 PM] Indexing ended. 1 files indexed in 0s.
[Info  - 6:06:32 PM] Indexing started.
[Info  - 6:06:32 PM] Indexing ended. 1 files indexed in 0s.
[Info  - 6:06:51 PM] Indexing started.
[Info  - 6:06:51 PM] Indexing ended. 1 files indexed in 0s.
[Info  - 6:06:54 PM] Indexing started.
[Info  - 6:06:54 PM] Indexing ended. 1 files indexed in 0s.
[Info  - 6:16:29 PM] Indexing started.
[Info  - 6:16:29 PM] Indexing ended. 1 files indexed in 0s.
[Info  - 6:16:42 PM] Indexing started.
[Info  - 6:16:42 PM] Indexing ended. 1 files indexed in 0s.
[Info  - 6:17:12 PM] Indexing started.
[Info  - 6:17:13 PM] Indexing ended. 1 files indexed in 0s.
[Info  - 6:17:32 PM] Indexing started.
[Info  - 6:17:32 PM] Indexing ended. 1 files indexed in 0s.
[Info  - 6:18:14 PM] Indexing started.
[Info  - 6:18:14 PM] Indexing ended. 1 files indexed in 0s.
[Info  - 6:19:30 PM] Indexing started.
[Info  - 6:19:30 PM] Indexing ended. 1 files indexed in 0s.
[Info  - 6:20:36 PM] Indexing started.
[Info  - 6:20:36 PM] Indexing ended. 1 files indexed in 0s.
[Info  - 6:20:40 PM] Indexing started.
[Info  - 6:20:40 PM] Indexing ended. 1 files indexed in 0s.
[Info  - 6:20:59 PM] Indexing started.
[Info  - 6:20:59 PM] Indexing ended. 1 files indexed in 0s.
[Info  - 6:21:54 PM] Indexing started.
[Info  - 6:21:54 PM] Indexing ended. 1 files indexed in 0s.
[Info  - 6:22:00 PM] Indexing started.
[Info  - 6:22:01 PM] Indexing ended. 1 files indexed in 0s.
[Info  - 6:22:06 PM] Indexing started.
[Info  - 6:22:06 PM] Indexing ended. 1 files indexed in 0s.
[Info  - 6:22:12 PM] Indexing started.
[Info  - 6:22:13 PM] Indexing ended. 1 files indexed in 0s.
[Info  - 6:22:27 PM] Indexing started.
[Info  - 6:22:27 PM] Indexing ended. 1 files indexed in 0s.
[Info  - 6:22:42 PM] Indexing started.
[Info  - 6:22:42 PM] Indexing ended. 1 files indexed in 0s.
[Info  - 6:22:50 PM] Indexing started.
[Info  - 6:22:50 PM] Indexing ended. 1 files indexed in 0s.
[Info  - 6:23:00 PM] Indexing started.
[Info  - 6:23:00 PM] Indexing ended. 1 files indexed in 0s.
[Info  - 6:23:03 PM] Indexing started.
[Info  - 6:23:03 PM] Indexing ended. 1 files indexed in 0s.
[Info  - 6:24:24 PM] Indexing started.
[Info  - 6:24:24 PM] Indexing ended. 1 files indexed in 0s.
[Info  - 6:44:44 PM] Indexing started.
[Info  - 6:44:44 PM] Indexing ended. 1 files indexed in 0s.
[Info  - 6:45:23 PM] Indexing started.
[Info  - 6:45:23 PM] Indexing ended. 1 files indexed in 0s.
[Info  - 6:46:13 PM] Indexing started.
[Info  - 6:46:13 PM] Indexing ended. 1 files indexed in 0s.
[Info  - 6:46:14 PM] Indexing started.
[Info  - 6:46:14 PM] Indexing ended. 1 files indexed in 0s.
[Info  - 6:46:44 PM] Indexing started.
[Info  - 6:46:45 PM] Indexing ended. 1 files indexed in 0s.
[Info  - 6:46:49 PM] Indexing started.
[Info  - 6:46:49 PM] Indexing ended. 1 files indexed in 0s.
[Info  - 6:48:58 PM] Indexing started.
[Info  - 6:48:58 PM] Indexing ended. 1 files indexed in 0s.
[Info  - 6:49:26 PM] Indexing started.
[Info  - 6:49:26 PM] Indexing ended. 1 files indexed in 0s.
[Info  - 6:49:34 PM] Indexing started.
[Info  - 6:49:34 PM] Indexing ended. 1 files indexed in 0s.
[Info  - 6:49:45 PM] Indexing started.
[Info  - 6:49:45 PM] Indexing ended. 1 files indexed in 0s.
[Info  - 6:50:18 PM] Indexing started.
[Info  - 6:50:18 PM] Indexing ended. 1 files indexed in 0s.
[Info  - 6:50:45 PM] Indexing started.
[Info  - 6:50:45 PM] Indexing ended. 1 files indexed in 0s.
[Info  - 6:56:29 PM] Indexing started.
[Info  - 6:56:29 PM] Indexing ended. 1 files indexed in 0s.
[Info  - 6:56:51 PM] Indexing started.
[Info  - 6:56:52 PM] Indexing ended. 1 files indexed in 0s.
[Info  - 6:58:28 PM] Indexing started.
[Info  - 6:58:28 PM] Indexing ended. 1 files indexed in 0s.
[Info  - 6:58:45 PM] Indexing started.
[Info  - 6:58:46 PM] Indexing ended. 1 files indexed in 0s.
[Info  - 7:00:39 PM] Indexing started.
[Info  - 7:00:39 PM] Indexing ended. 1 files indexed in 0s.
[Info  - 7:01:21 PM] Indexing started.
[Info  - 7:01:21 PM] Indexing ended. 1 files indexed in 0s.
[Info  - 7:01:33 PM] Indexing started.
[Info  - 7:01:33 PM] Indexing ended. 1 files indexed in 0s.
[Info  - 7:02:07 PM] Indexing started.
[Info  - 7:02:07 PM] Indexing ended. 1 files indexed in 0s.
[Info  - 7:02:41 PM] Indexing started.
[Info  - 7:02:41 PM] Indexing ended. 1 files indexed in 0s.
[Info  - 7:03:51 PM] Indexing started.
[Info  - 7:03:51 PM] Indexing ended. 1 files indexed in 0s.
[Info  - 7:03:51 PM] Indexing started.
[Info  - 7:03:51 PM] Indexing ended. 1 files indexed in 0s.
[Info  - 7:05:28 PM] Indexing started.
[Info  - 7:05:28 PM] Indexing ended. 1 files indexed in 0s.
[Info  - 7:06:14 PM] Indexing started.
[Info  - 7:06:14 PM] Indexing ended. 1 files indexed in 0s.
[Info  - 7:06:49 PM] Indexing started.
[Info  - 7:06:49 PM] Indexing ended. 1 files indexed in 0s.
[Info  - 7:08:33 PM] Indexing started.
[Info  - 7:08:33 PM] Indexing ended. 1 files indexed in 0s.
[Info  - 7:08:33 PM] Indexing started.
[Info  - 7:08:34 PM] Indexing ended. 1 files indexed in 0s.
[Info  - 7:08:47 PM] Indexing started.
[Info  - 7:08:48 PM] Indexing ended. 1 files indexed in 0s.
[Info  - 7:11:31 PM] Indexing started.
[Info  - 7:11:31 PM] Indexing ended. 1 files indexed in 0s.
[Info  - 7:11:32 PM] Indexing started.
[Info  - 7:11:32 PM] Indexing ended. 1 files indexed in 0s.
[Info  - 8:08:18 PM] Indexing started.
[Info  - 8:08:18 PM] Indexing ended. 1 files indexed in 0s.
[Info  - 8:13:35 PM] Indexing started.
[Info  - 8:13:35 PM] Indexing ended. 1 files indexed in 0s.
[Info  - 8:16:06 PM] Indexing started.
[Info  - 8:16:06 PM] Indexing ended. 1 files indexed in 0s.
